<?xml version="1.0" encoding="UTF-8"?>
<testng-results ignored="0" total="2" passed="2" failed="0" skipped="0">
  <reporter-output>
  </reporter-output>
  <suite started-at="2024-09-17T13:07:58 AEST" name="Default suite" finished-at="2024-09-17T13:08:02 AEST" duration-ms="3913">
    <groups>
    </groups>
    <test started-at="2024-09-17T13:07:58 AEST" name="Default test" finished-at="2024-09-17T13:08:02 AEST" duration-ms="3913">
      <class name="api.test.UserTests">
        <test-method is-config="true" signature="setupData()[pri:0, instance:api.test.UserTests@169e6180]" started-at="2024-09-17T13:07:58 AEST" name="setupData" finished-at="2024-09-17T13:07:58 AEST" duration-ms="234" status="PASS">
          <reporter-output>
          </reporter-output>
        </test-method> <!-- setupData -->
        <test-method signature="testPostUser()[pri:1, instance:api.test.UserTests@169e6180]" started-at="2024-09-17T13:07:58 AEST" name="testPostUser" finished-at="2024-09-17T13:08:01 AEST" duration-ms="2395" status="PASS">
          <reporter-output>
          </reporter-output>
        </test-method> <!-- testPostUser -->
        <test-method signature="testGetUser()[pri:2, instance:api.test.UserTests@169e6180]" started-at="2024-09-17T13:08:01 AEST" name="testGetUser" finished-at="2024-09-17T13:08:02 AEST" duration-ms="1244" status="PASS">
          <reporter-output>
          </reporter-output>
        </test-method> <!-- testGetUser -->
      </class> <!-- api.test.UserTests -->
    </test> <!-- Default test -->
  </suite> <!-- Default suite -->
</testng-results>
